<?xml version="1.0" encoding="UTF-8"?>
<testng-results skipped="0" failed="0" total="3" passed="3">
  <reporter-output>
  </reporter-output>
  <suite name="Default suite" duration-ms="267" started-at="2015-09-13T08:39:58Z" finished-at="2015-09-13T08:39:58Z">
    <groups>
    </groups>
    <test name="Default test" duration-ms="267" started-at="2015-09-13T08:39:58Z" finished-at="2015-09-13T08:39:58Z">
      <class name="daoefang.webdriver.day4.JaxbDataDrivenDemo">
        <test-method status="PASS" signature="testAddWithDataDriven(java.lang.String, java.lang.String, java.lang.String)[pri:0, instance:daoefang.webdriver.day4.JaxbDataDrivenDemo@4c8eb7f9]" name="testAddWithDataDriven" duration-ms="15" started-at="2015-09-13T16:39:58Z" data-provider="dataDriven" finished-at="2015-09-13T16:39:58Z">
          <params>
            <param index="0">
              <value>
                <![CDATA[0]]>
              </value>
            </param>
            <param index="1">
              <value>
                <![CDATA[1]]>
              </value>
            </param>
            <param index="2">
              <value>
                <![CDATA[1]]>
              </value>
            </param>
          </params>
          <reporter-output>
          </reporter-output>
        </test-method> <!-- testAddWithDataDriven -->
        <test-method status="PASS" signature="testAddWithDataDriven(java.lang.String, java.lang.String, java.lang.String)[pri:0, instance:daoefang.webdriver.day4.JaxbDataDrivenDemo@4c8eb7f9]" name="testAddWithDataDriven" duration-ms="1" started-at="2015-09-13T16:39:58Z" data-provider="dataDriven" finished-at="2015-09-13T16:39:58Z">
          <params>
            <param index="0">
              <value>
                <![CDATA[1]]>
              </value>
            </param>
            <param index="1">
              <value>
                <![CDATA[2]]>
              </value>
            </param>
            <param index="2">
              <value>
                <![CDATA[3]]>
              </value>
            </param>
          </params>
          <reporter-output>
          </reporter-output>
        </test-method> <!-- testAddWithDataDriven -->
        <test-method status="PASS" signature="testAddWithDataDriven(java.lang.String, java.lang.String, java.lang.String)[pri:0, instance:daoefang.webdriver.day4.JaxbDataDrivenDemo@4c8eb7f9]" name="testAddWithDataDriven" duration-ms="0" started-at="2015-09-13T16:39:58Z" data-provider="dataDriven" finished-at="2015-09-13T16:39:58Z">
          <params>
            <param index="0">
              <value>
                <![CDATA[11]]>
              </value>
            </param>
            <param index="1">
              <value>
                <![CDATA[22]]>
              </value>
            </param>
            <param index="2">
              <value>
                <![CDATA[33]]>
              </value>
            </param>
          </params>
          <reporter-output>
          </reporter-output>
        </test-method> <!-- testAddWithDataDriven -->
      </class> <!-- daoefang.webdriver.day4.JaxbDataDrivenDemo -->
    </test> <!-- Default test -->
  </suite> <!-- Default suite -->
</testng-results>
