<?xml version="1.0" encoding="UTF-8"?>
<!-- Generated by org.testng.reporters.JUnitXMLReporter -->
<testsuite hostname="tcwmj-pc" name="Default test" tests="3" failures="0" timestamp="13 Sep 2015 08:39:58 GMT" time="0.267" errors="0">
  <testcase name="testAddWithDataDriven" time="0.015" classname="daoefang.webdriver.day4.JaxbDataDrivenDemo"/>
  <testcase name="testAddWithDataDriven" time="0.001" classname="daoefang.webdriver.day4.JaxbDataDrivenDemo"/>
  <testcase name="testAddWithDataDriven" time="0.0" classname="daoefang.webdriver.day4.JaxbDataDrivenDemo"/>
</testsuite> <!-- Default test -->
